Started by user [8mha:////4I97ZmECuJ+RavpYdZNZxMNM/8VH5kFdT7/HHYqH/GqUAAAAlx+LCAAAAAAAAP9b85aBtbiIQTGjNKU4P08vOT+vOD8nVc83PyU1x6OyILUoJzMv2y+/JJUBAhiZGBgqihhk0NSjKDWzXb3RdlLBUSYGJk8GtpzUvPSSDB8G5tKinBIGIZ+sxLJE/ZzEvHT94JKizLx0a6BxUmjGOUNodHsLgAzWEgZu/dLi1CL9xJTczDwAj6GcLcAAAAA=[0madmin
Running in Durability level: MAX_SURVIVABILITY
Loading library general-jenkins-library@master
Attempting to resolve master from remote references...
 > git --version # timeout=10
 > git ls-remote -h -- https://github.com/samer-habash/Jenkins-shared-Library.git # timeout=10
Found match: refs/heads/master revision 0488b531bab4570135fa439c1f68680e0a41de4d
No credentials specified
 > git rev-parse --is-inside-work-tree # timeout=10
Fetching changes from the remote Git repository
 > git config remote.origin.url https://github.com/samer-habash/Jenkins-shared-Library.git # timeout=10
Fetching without tags
Fetching upstream changes from https://github.com/samer-habash/Jenkins-shared-Library.git
 > git --version # timeout=10
 > git fetch --no-tags --progress -- https://github.com/samer-habash/Jenkins-shared-Library.git +refs/heads/*:refs/remotes/origin/* # timeout=10
Checking out Revision 0488b531bab4570135fa439c1f68680e0a41de4d (master)
 > git config core.sparsecheckout # timeout=10
 > git checkout -f 0488b531bab4570135fa439c1f68680e0a41de4d # timeout=10
Commit message: "upload Pod Tempalte"
 > git rev-list --no-walk c9ff1b4b64318c4939df9bdd5e19169d4ffd4ff8 # timeout=10
org.codehaus.groovy.control.MultipleCompilationErrorsException: startup failed:
WorkflowScript: 6: Unknown stage section "gitCo". Starting with version 0.5, steps in a stage must be in a â€˜stepsâ€™ block. @ line 6, column 9.
           stage('Template') {
           ^

1 error

	at org.codehaus.groovy.control.ErrorCollector.failIfErrors(ErrorCollector.java:310)
	at org.codehaus.groovy.control.CompilationUnit.applyToPrimaryClassNodes(CompilationUnit.java:1085)
	at org.codehaus.groovy.control.CompilationUnit.doPhaseOperation(CompilationUnit.java:603)
	at org.codehaus.groovy.control.CompilationUnit.processPhaseOperations(CompilationUnit.java:581)
	at org.codehaus.groovy.control.CompilationUnit.compile(CompilationUnit.java:558)
	at groovy.lang.GroovyClassLoader.doParseClass(GroovyClassLoader.java:298)
	at groovy.lang.GroovyClassLoader.parseClass(GroovyClassLoader.java:268)
	at groovy.lang.GroovyShell.parseClass(GroovyShell.java:688)
	at groovy.lang.GroovyShell.parse(GroovyShell.java:700)
	at org.jenkinsci.plugins.workflow.cps.CpsGroovyShell.doParse(CpsGroovyShell.java:142)
	at org.jenkinsci.plugins.workflow.cps.CpsGroovyShell.reparse(CpsGroovyShell.java:127)
	at org.jenkinsci.plugins.workflow.cps.CpsFlowExecution.parseScript(CpsFlowExecution.java:561)
	at org.jenkinsci.plugins.workflow.cps.CpsFlowExecution.start(CpsFlowExecution.java:522)
	at org.jenkinsci.plugins.workflow.job.WorkflowRun.run(WorkflowRun.java:337)
	at hudson.model.ResourceController.execute(ResourceController.java:97)
	at hudson.model.Executor.run(Executor.java:428)
Finished: FAILURE
